#
# A fatal error has been detected by the Java Runtime Environment:
#
#  Internal Error (javaClasses.cpp:129), pid=6621, tid=139780401915648
#  fatal error: Invalid layout of preloaded class
#
# JRE version: 7.0_07-b10
# Java VM: Java HotSpot(TM) 64-Bit Server VM (23.3-b01 mixed mode linux-amd64 compressed oops)
# Failed to write core dump. Core dumps have been disabled. To enable core dumping, try "ulimit -c unlimited" before starting Java again
#
# If you would like to submit a bug report, please visit:
#   http://bugreport.sun.com/bugreport/crash.jsp
#

---------------  T H R E A D  ---------------

Current thread (0x00007f2120009000):  JavaThread "Unknown thread" [_thread_in_vm, id=6626, stack(0x00007f212923e000,0x00007f212933f000)]

Stack: [0x00007f212923e000,0x00007f212933f000],  sp=0x00007f212933d7d0,  free space=1021k
Native frames: (J=compiled Java code, j=interpreted, Vv=VM code, C=native code)
V  [libjvm.so+0x8a511a]  VMError::report_and_die()+0x2ea
V  [libjvm.so+0x40ae59]  report_fatal(char const*, int, char const*)+0x59
V  [libjvm.so+0x555897]  compute_offset(int&, klassOopDesc*, Symbol*, Symbol*, bool)+0x137
V  [libjvm.so+0x556a59]  java_lang_String::compute_offsets()+0x39
V  [libjvm.so+0x8341d3]  SystemDictionary::initialize_preloaded_classes(Thread*)+0x143
V  [libjvm.so+0x880314]  Universe::genesis(Thread*)+0x474
V  [libjvm.so+0x8807c4]  universe2_init()+0x24
V  [libjvm.so+0x503cad]  init_globals()+0xbd
V  [libjvm.so+0x866d62]  Threads::create_vm(JavaVMInitArgs*, bool*)+0x1e2
V  [libjvm.so+0x563b64]  JNI_CreateJavaVM+0x74
C  [libjli.so+0x337e]  JavaMain+0x9e


---------------  P R O C E S S  ---------------

Java Threads: ( => current thread )

Other Threads:

=>0x00007f2120009000 (exited) JavaThread "Unknown thread" [_thread_in_vm, id=6626, stack(0x00007f212923e000,0x00007f212933f000)]

VM state:not at safepoint (not fully initialized)

VM Mutex/Monitor currently owned by a thread: None

GC Heap History (0 events):
No events

Deoptimization events (0 events):
No events

Internal exceptions (0 events):
No events

Events (10 events):
Event: 0.005 loading class 0x00007f212002a9b0 done
Event: 0.005 loading class 0x00007f212002a250 done
Event: 0.005 loading class 0x00007f212002a220
Event: 0.005 loading class 0x00007f2120055270
Event: 0.005 loading class 0x00007f2120055270 done
Event: 0.005 loading class 0x00007f21200552b0
Event: 0.005 loading class 0x00007f21200552b0 done
Event: 0.005 loading class 0x00007f21200552f0
Event: 0.005 loading class 0x00007f21200552f0 done
Event: 0.005 loading class 0x00007f212002a220 done


Dynamic libraries:
00400000-00401000 r-xp 00000000 08:07 1061171                            /usr/lib/jvm/java-7-oracle/bin/java
00600000-00601000 rw-p 00000000 08:07 1061171                            /usr/lib/jvm/java-7-oracle/bin/java
00b44000-00b65000 rw-p 00000000 00:00 0                                  [heap]
77fe00000-7812c0000 rw-p 00000000 00:00 0 
7812c0000-785000000 rw-p 00000000 00:00 0 
785000000-78a200000 rw-p 00000000 00:00 0 
78a200000-7d7000000 rw-p 00000000 00:00 0 
7d7000000-7d98f0000 rw-p 00000000 00:00 0 
7d98f0000-800000000 rw-p 00000000 00:00 0 
7f20fbff0000-7f2100000000 rw-p 00000000 00:00 0 
7f2100000000-7f2100021000 rw-p 00000000 00:00 0 
7f2100021000-7f2104000000 ---p 00000000 00:00 0 
7f2108000000-7f2108021000 rw-p 00000000 00:00 0 
7f2108021000-7f210c000000 ---p 00000000 00:00 0 
7f2110000000-7f2110021000 rw-p 00000000 00:00 0 
7f2110021000-7f2114000000 ---p 00000000 00:00 0 
7f2118000000-7f2118021000 rw-p 00000000 00:00 0 
7f2118021000-7f211c000000 ---p 00000000 00:00 0 
7f211d000000-7f211d270000 rwxp 00000000 00:00 0 
7f211d270000-7f212005f000 rw-p 00000000 00:00 0 
7f212005f000-7f2124000000 ---p 00000000 00:00 0 
7f21248bd000-7f2124aeb000 rw-p 00000000 00:00 0 
7f2124aeb000-7f2124bad000 r--s 010b9000 08:07 804191                     /opt/android-sdk-linux/platforms/android-16/android.jar
7f2124bad000-7f2125bd9000 rw-p 00000000 00:00 0 
7f2125bd9000-7f2125bda000 ---p 00000000 00:00 0 
7f2125bda000-7f2125cda000 rw-p 00000000 00:00 0 
7f2125cda000-7f2125cdb000 ---p 00000000 00:00 0 
7f2125cdb000-7f2125ddb000 rw-p 00000000 00:00 0 
7f2125ddb000-7f2125ddc000 ---p 00000000 00:00 0 
7f2125ddc000-7f2125edc000 rw-p 00000000 00:00 0 
7f2125edc000-7f2125edd000 ---p 00000000 00:00 0 
7f2125edd000-7f2125fe8000 rw-p 00000000 00:00 0 
7f2125fe8000-7f2126006000 rw-p 00000000 00:00 0 
7f2126006000-7f212602f000 rw-p 00000000 00:00 0 
7f212602f000-7f2126296000 rw-p 00000000 00:00 0 
7f2126296000-7f21262a1000 rw-p 00000000 00:00 0 
7f21262a1000-7f21262bf000 rw-p 00000000 00:00 0 
7f21262bf000-7f21262e8000 rw-p 00000000 00:00 0 
7f21262e8000-7f212654f000 rw-p 00000000 00:00 0 
7f212654f000-7f2126564000 rw-p 00000000 00:00 0 
7f2126564000-7f2126697000 rw-p 00000000 00:00 0 
7f2126697000-7f2126698000 rw-p 00000000 00:00 0 
7f2126698000-7f21266b2000 r-xp 00000000 08:07 935851                     /usr/lib/jvm/java-7-oracle/jre/lib/amd64/libzip.so
7f21266b2000-7f21268b2000 ---p 0001a000 08:07 935851                     /usr/lib/jvm/java-7-oracle/jre/lib/amd64/libzip.so
7f21268b2000-7f21268b3000 rw-p 0001a000 08:07 935851                     /usr/lib/jvm/java-7-oracle/jre/lib/amd64/libzip.so
7f21268b3000-7f21268bf000 r-xp 00000000 08:07 1181555                    /lib/x86_64-linux-gnu/libnss_files-2.15.so
7f21268bf000-7f2126abe000 ---p 0000c000 08:07 1181555                    /lib/x86_64-linux-gnu/libnss_files-2.15.so
7f2126abe000-7f2126abf000 r--p 0000b000 08:07 1181555                    /lib/x86_64-linux-gnu/libnss_files-2.15.so
7f2126abf000-7f2126ac0000 rw-p 0000c000 08:07 1181555                    /lib/x86_64-linux-gnu/libnss_files-2.15.so
7f2126ac0000-7f2126aca000 r-xp 00000000 08:07 1181542                    /lib/x86_64-linux-gnu/libnss_nis-2.15.so
7f2126aca000-7f2126cca000 ---p 0000a000 08:07 1181542                    /lib/x86_64-linux-gnu/libnss_nis-2.15.so
7f2126cca000-7f2126ccb000 r--p 0000a000 08:07 1181542                    /lib/x86_64-linux-gnu/libnss_nis-2.15.so
7f2126ccb000-7f2126ccc000 rw-p 0000b000 08:07 1181542                    /lib/x86_64-linux-gnu/libnss_nis-2.15.so
7f2126ccc000-7f2126ce3000 r-xp 00000000 08:07 1181564                    /lib/x86_64-linux-gnu/libnsl-2.15.so
7f2126ce3000-7f2126ee2000 ---p 00017000 08:07 1181564                    /lib/x86_64-linux-gnu/libnsl-2.15.so
7f2126ee2000-7f2126ee3000 r--p 00016000 08:07 1181564                    /lib/x86_64-linux-gnu/libnsl-2.15.so
7f2126ee3000-7f2126ee4000 rw-p 00017000 08:07 1181564                    /lib/x86_64-linux-gnu/libnsl-2.15.so
7f2126ee4000-7f2126ee6000 rw-p 00000000 00:00 0 
7f2126ee6000-7f2126eee000 r-xp 00000000 08:07 1181556                    /lib/x86_64-linux-gnu/libnss_compat-2.15.so
7f2126eee000-7f21270ed000 ---p 00008000 08:07 1181556                    /lib/x86_64-linux-gnu/libnss_compat-2.15.so
7f21270ed000-7f21270ee000 r--p 00007000 08:07 1181556                    /lib/x86_64-linux-gnu/libnss_compat-2.15.so
7f21270ee000-7f21270ef000 rw-p 00008000 08:07 1181556                    /lib/x86_64-linux-gnu/libnss_compat-2.15.so
7f21270ef000-7f2127118000 r-xp 00000000 08:07 935866                     /usr/lib/jvm/java-7-oracle/jre/lib/amd64/libjava.so
7f2127118000-7f2127318000 ---p 00029000 08:07 935866                     /usr/lib/jvm/java-7-oracle/jre/lib/amd64/libjava.so
7f2127318000-7f212731a000 rw-p 00029000 08:07 935866                     /usr/lib/jvm/java-7-oracle/jre/lib/amd64/libjava.so
7f212731a000-7f2127327000 r-xp 00000000 08:07 935863                     /usr/lib/jvm/java-7-oracle/jre/lib/amd64/libverify.so
7f2127327000-7f2127526000 ---p 0000d000 08:07 935863                     /usr/lib/jvm/java-7-oracle/jre/lib/amd64/libverify.so
7f2127526000-7f2127528000 rw-p 0000c000 08:07 935863                     /usr/lib/jvm/java-7-oracle/jre/lib/amd64/libverify.so
7f2127528000-7f212752f000 r-xp 00000000 08:07 1181533                    /lib/x86_64-linux-gnu/librt-2.15.so
7f212752f000-7f212772e000 ---p 00007000 08:07 1181533                    /lib/x86_64-linux-gnu/librt-2.15.so
7f212772e000-7f212772f000 r--p 00006000 08:07 1181533                    /lib/x86_64-linux-gnu/librt-2.15.so
7f212772f000-7f2127730000 rw-p 00007000 08:07 1181533                    /lib/x86_64-linux-gnu/librt-2.15.so
7f2127730000-7f2127829000 r-xp 00000000 08:07 1181553                    /lib/x86_64-linux-gnu/libm-2.15.so
7f2127829000-7f2127a28000 ---p 000f9000 08:07 1181553                    /lib/x86_64-linux-gnu/libm-2.15.so
7f2127a28000-7f2127a29000 r--p 000f8000 08:07 1181553                    /lib/x86_64-linux-gnu/libm-2.15.so
7f2127a29000-7f2127a2a000 rw-p 000f9000 08:07 1181553                    /lib/x86_64-linux-gnu/libm-2.15.so
7f2127a2a000-7f2128471000 r-xp 00000000 08:07 1060556                    /usr/lib/jvm/java-7-oracle/jre/lib/amd64/server/libjvm.so
7f2128471000-7f2128670000 ---p 00a47000 08:07 1060556                    /usr/lib/jvm/java-7-oracle/jre/lib/amd64/server/libjvm.so
7f2128670000-7f2128713000 rw-p 00a46000 08:07 1060556                    /usr/lib/jvm/java-7-oracle/jre/lib/amd64/server/libjvm.so
7f2128713000-7f212874f000 rw-p 00000000 00:00 0 
7f212874f000-7f2128904000 r-xp 00000000 08:07 1181529                    /lib/x86_64-linux-gnu/libc-2.15.so
7f2128904000-7f2128b03000 ---p 001b5000 08:07 1181529                    /lib/x86_64-linux-gnu/libc-2.15.so
7f2128b03000-7f2128b07000 r--p 001b4000 08:07 1181529                    /lib/x86_64-linux-gnu/libc-2.15.so
7f2128b07000-7f2128b09000 rw-p 001b8000 08:07 1181529                    /lib/x86_64-linux-gnu/libc-2.15.so
7f2128b09000-7f2128b0e000 rw-p 00000000 00:00 0 
7f2128b0e000-7f2128b10000 r-xp 00000000 08:07 1181528                    /lib/x86_64-linux-gnu/libdl-2.15.so
7f2128b10000-7f2128d10000 ---p 00002000 08:07 1181528                    /lib/x86_64-linux-gnu/libdl-2.15.so
7f2128d10000-7f2128d11000 r--p 00002000 08:07 1181528                    /lib/x86_64-linux-gnu/libdl-2.15.so
7f2128d11000-7f2128d12000 rw-p 00003000 08:07 1181528                    /lib/x86_64-linux-gnu/libdl-2.15.so
7f2128d12000-7f2128d28000 r-xp 00000000 08:07 1060550                    /usr/lib/jvm/java-7-oracle/jre/lib/amd64/jli/libjli.so
7f2128d28000-7f2128f27000 ---p 00016000 08:07 1060550                    /usr/lib/jvm/java-7-oracle/jre/lib/amd64/jli/libjli.so
7f2128f27000-7f2128f28000 rw-p 00015000 08:07 1060550                    /usr/lib/jvm/java-7-oracle/jre/lib/amd64/jli/libjli.so
7f2128f28000-7f2128f40000 r-xp 00000000 08:07 1181531                    /lib/x86_64-linux-gnu/libpthread-2.15.so
7f2128f40000-7f212913f000 ---p 00018000 08:07 1181531                    /lib/x86_64-linux-gnu/libpthread-2.15.so
7f212913f000-7f2129140000 r--p 00017000 08:07 1181531                    /lib/x86_64-linux-gnu/libpthread-2.15.so
7f2129140000-7f2129141000 rw-p 00018000 08:07 1181531                    /lib/x86_64-linux-gnu/libpthread-2.15.so
7f2129141000-7f2129145000 rw-p 00000000 00:00 0 
7f2129145000-7f2129167000 r-xp 00000000 08:07 1181559                    /lib/x86_64-linux-gnu/ld-2.15.so
7f212917e000-7f2129188000 rw-p 00000000 00:00 0 
7f2129188000-7f212923e000 rw-p 00000000 00:00 0 
7f212923e000-7f2129241000 ---p 00000000 00:00 0 
7f2129241000-7f2129343000 rw-p 00000000 00:00 0 
7f212935a000-7f2129362000 rw-s 00000000 08:07 1212804                    /tmp/hsperfdata_administrador/6621
7f2129362000-7f2129363000 rw-p 00000000 00:00 0 
7f2129363000-7f2129364000 r--p 00000000 00:00 0 
7f2129364000-7f2129366000 rw-p 00000000 00:00 0 
7f2129366000-7f2129367000 r-xp 00000000 00:00 0                          [vdso]
7f2129367000-7f2129368000 r--p 00022000 08:07 1181559                    /lib/x86_64-linux-gnu/ld-2.15.so
7f2129368000-7f212936a000 rw-p 00023000 08:07 1181559                    /lib/x86_64-linux-gnu/ld-2.15.so
7fff35fdf000-7fff36000000 rw-p 00000000 00:00 0                          [stack]
ffffffffff600000-ffffffffff601000 r-xp 00000000 00:00 0                  [vsyscall]

VM Arguments:
jvm_args: -Dfile.encoding=UTF-8 -Xbootclasspath:/opt/android-sdk-linux/platforms/android-16/android.jar 
java_command: com.semon.recursos.Conexao
Launcher Type: SUN_STANDARD

Environment Variables:
PATH=/usr/local/sbin:/usr/local/bin:/usr/sbin:/usr/bin:/sbin:/bin:/usr/games:/opt/eclipse:/opt/android-sdk-linux/tools:/opt/android-sdk-linux/platform-tools
USERNAME=administrador
SHELL=/bin/bash
DISPLAY=:0

Signal Handlers:
SIGSEGV: [libjvm.so+0x8a5a80], sa_mask[0]=0x7ffbfeff, sa_flags=0x10000004
SIGBUS: [libjvm.so+0x8a5a80], sa_mask[0]=0x7ffbfeff, sa_flags=0x10000004
SIGFPE: [libjvm.so+0x741b60], sa_mask[0]=0x7ffbfeff, sa_flags=0x10000004
SIGPIPE: [libjvm.so+0x741b60], sa_mask[0]=0x7ffbfeff, sa_flags=0x10000004
SIGXFSZ: [libjvm.so+0x741b60], sa_mask[0]=0x7ffbfeff, sa_flags=0x10000004
SIGILL: [libjvm.so+0x741b60], sa_mask[0]=0x7ffbfeff, sa_flags=0x10000004
SIGUSR1: SIG_DFL, sa_mask[0]=0x00000000, sa_flags=0x00000000
SIGUSR2: [libjvm.so+0x7414b0], sa_mask[0]=0x00000004, sa_flags=0x10000004
SIGHUP: SIG_DFL, sa_mask[0]=0x00000000, sa_flags=0x00000000
SIGINT: SIG_DFL, sa_mask[0]=0x00000000, sa_flags=0x00000000
SIGTERM: SIG_DFL, sa_mask[0]=0x00000000, sa_flags=0x00000000
SIGQUIT: SIG_DFL, sa_mask[0]=0x00000000, sa_flags=0x00000000


---------------  S Y S T E M  ---------------

OS:wheezy/sid

uname:Linux 3.2.0-31-generic #50-Ubuntu SMP Fri Sep 7 16:16:45 UTC 2012 x86_64
libc:glibc 2.15 NPTL 2.15 
rlimit: STACK 8192k, CORE 0k, NPROC 62797, NOFILE 4096, AS infinity
load average:0.17 0.26 0.30

/proc/meminfo:
MemTotal:        8055712 kB
MemFree:         3515204 kB
Buffers:          201424 kB
Cached:          2279012 kB
SwapCached:            0 kB
Active:          2556188 kB
Inactive:        1695032 kB
Active(anon):    1852992 kB
Inactive(anon):   213984 kB
Active(file):     703196 kB
Inactive(file):  1481048 kB
Unevictable:           0 kB
Mlocked:               0 kB
SwapTotal:             0 kB
SwapFree:              0 kB
Dirty:              1508 kB
Writeback:             0 kB
AnonPages:       1771112 kB
Mapped:           164220 kB
Shmem:            296192 kB
Slab:             156552 kB
SReclaimable:     130940 kB
SUnreclaim:        25612 kB
KernelStack:        3048 kB
PageTables:        23500 kB
NFS_Unstable:          0 kB
Bounce:                0 kB
WritebackTmp:          0 kB
CommitLimit:     4027856 kB
Committed_AS:    4000460 kB
VmallocTotal:   34359738367 kB
VmallocUsed:      369876 kB
VmallocChunk:   34359320984 kB
HardwareCorrupted:     0 kB
AnonHugePages:         0 kB
HugePages_Total:       0
HugePages_Free:        0
HugePages_Rsvd:        0
HugePages_Surp:        0
Hugepagesize:       2048 kB
DirectMap4k:       57344 kB
DirectMap2M:     8216576 kB


CPU:total 4 (4 cores per cpu, 1 threads per core) family 6 model 42 stepping 7, cmov, cx8, fxsr, mmx, sse, sse2, sse3, ssse3, sse4.1, sse4.2, popcnt, avx, tsc, tscinvbit

/proc/cpuinfo:
processor	: 0
vendor_id	: GenuineIntel
cpu family	: 6
model		: 42
model name	: Intel(R) Core(TM) i5-2400 CPU @ 3.10GHz
stepping	: 7
microcode	: 0x18
cpu MHz		: 1600.000
cache size	: 6144 KB
physical id	: 0
siblings	: 4
core id		: 0
cpu cores	: 4
apicid		: 0
initial apicid	: 0
fpu		: yes
fpu_exception	: yes
cpuid level	: 13
wp		: yes
flags		: fpu vme de pse tsc msr pae mce cx8 apic sep mtrr pge mca cmov pat pse36 clflush dts acpi mmx fxsr sse sse2 ss ht tm pbe syscall nx rdtscp lm constant_tsc arch_perfmon pebs bts rep_good nopl xtopology nonstop_tsc aperfmperf pni pclmulqdq dtes64 monitor ds_cpl vmx smx est tm2 ssse3 cx16 xtpr pdcm pcid sse4_1 sse4_2 x2apic popcnt tsc_deadline_timer aes xsave avx lahf_lm ida arat epb xsaveopt pln pts dtherm tpr_shadow vnmi flexpriority ept vpid
bogomips	: 6186.08
clflush size	: 64
cache_alignment	: 64
address sizes	: 36 bits physical, 48 bits virtual
power management:

processor	: 1
vendor_id	: GenuineIntel
cpu family	: 6
model		: 42
model name	: Intel(R) Core(TM) i5-2400 CPU @ 3.10GHz
stepping	: 7
microcode	: 0x18
cpu MHz		: 1600.000
cache size	: 6144 KB
physical id	: 0
siblings	: 4
core id		: 1
cpu cores	: 4
apicid		: 2
initial apicid	: 2
fpu		: yes
fpu_exception	: yes
cpuid level	: 13
wp		: yes
flags		: fpu vme de pse tsc msr pae mce cx8 apic sep mtrr pge mca cmov pat pse36 clflush dts acpi mmx fxsr sse sse2 ss ht tm pbe syscall nx rdtscp lm constant_tsc arch_perfmon pebs bts rep_good nopl xtopology nonstop_tsc aperfmperf pni pclmulqdq dtes64 monitor ds_cpl vmx smx est tm2 ssse3 cx16 xtpr pdcm pcid sse4_1 sse4_2 x2apic popcnt tsc_deadline_timer aes xsave avx lahf_lm ida arat epb xsaveopt pln pts dtherm tpr_shadow vnmi flexpriority ept vpid
bogomips	: 6185.65
clflush size	: 64
cache_alignment	: 64
address sizes	: 36 bits physical, 48 bits virtual
power management:

processor	: 2
vendor_id	: GenuineIntel
cpu family	: 6
model		: 42
model name	: Intel(R) Core(TM) i5-2400 CPU @ 3.10GHz
stepping	: 7
microcode	: 0x18
cpu MHz		: 3101.000
cache size	: 6144 KB
physical id	: 0
siblings	: 4
core id		: 2
cpu cores	: 4
apicid		: 4
initial apicid	: 4
fpu		: yes
fpu_exception	: yes
cpuid level	: 13
wp		: yes
flags		: fpu vme de pse tsc msr pae mce cx8 apic sep mtrr pge mca cmov pat pse36 clflush dts acpi mmx fxsr sse sse2 ss ht tm pbe syscall nx rdtscp lm constant_tsc arch_perfmon pebs bts rep_good nopl xtopology nonstop_tsc aperfmperf pni pclmulqdq dtes64 monitor ds_cpl vmx smx est tm2 ssse3 cx16 xtpr pdcm pcid sse4_1 sse4_2 x2apic popcnt tsc_deadline_timer aes xsave avx lahf_lm ida arat epb xsaveopt pln pts dtherm tpr_shadow vnmi flexpriority ept vpid
bogomips	: 6185.66
clflush size	: 64
cache_alignment	: 64
address sizes	: 36 bits physical, 48 bits virtual
power management:

processor	: 3
vendor_id	: GenuineIntel
cpu family	: 6
model		: 42
model name	: Intel(R) Core(TM) i5-2400 CPU @ 3.10GHz
stepping	: 7
microcode	: 0x18
cpu MHz		: 1600.000
cache size	: 6144 KB
physical id	: 0
siblings	: 4
core id		: 3
cpu cores	: 4
apicid		: 6
initial apicid	: 6
fpu		: yes
fpu_exception	: yes
cpuid level	: 13
wp		: yes
flags		: fpu vme de pse tsc msr pae mce cx8 apic sep mtrr pge mca cmov pat pse36 clflush dts acpi mmx fxsr sse sse2 ss ht tm pbe syscall nx rdtscp lm constant_tsc arch_perfmon pebs bts rep_good nopl xtopology nonstop_tsc aperfmperf pni pclmulqdq dtes64 monitor ds_cpl vmx smx est tm2 ssse3 cx16 xtpr pdcm pcid sse4_1 sse4_2 x2apic popcnt tsc_deadline_timer aes xsave avx lahf_lm ida arat epb xsaveopt pln pts dtherm tpr_shadow vnmi flexpriority ept vpid
bogomips	: 6185.66
clflush size	: 64
cache_alignment	: 64
address sizes	: 36 bits physical, 48 bits virtual
power management:



Memory: 4k page, physical 8055712k(3515204k free), swap 0k(0k free)

vm_info: Java HotSpot(TM) 64-Bit Server VM (23.3-b01) for linux-amd64 JRE (1.7.0_07-b10), built on Aug 28 2012 17:44:05 by "java_re" with gcc 4.3.0 20080428 (Red Hat 4.3.0-8)

time: Thu Jan  3 17:21:31 2013
elapsed time: 0 seconds

