#
# A fatal error has been detected by the Java Runtime Environment:
#
#  Internal Error (javaClasses.cpp:129), pid=6636, tid=140645710718720
#  fatal error: Invalid layout of preloaded class
#
# JRE version: 7.0_07-b10
# Java VM: Java HotSpot(TM) 64-Bit Server VM (23.3-b01 mixed mode linux-amd64 compressed oops)
# Failed to write core dump. Core dumps have been disabled. To enable core dumping, try "ulimit -c unlimited" before starting Java again
#
# If you would like to submit a bug report, please visit:
#   http://bugreport.sun.com/bugreport/crash.jsp
#

---------------  T H R E A D  ---------------

Current thread (0x00007fea98009000):  JavaThread "Unknown thread" [_thread_in_vm, id=6641, stack(0x00007feaa1906000,0x00007feaa1a07000)]

Stack: [0x00007feaa1906000,0x00007feaa1a07000],  sp=0x00007feaa1a057d0,  free space=1021k
Native frames: (J=compiled Java code, j=interpreted, Vv=VM code, C=native code)
V  [libjvm.so+0x8a511a]  VMError::report_and_die()+0x2ea
V  [libjvm.so+0x40ae59]  report_fatal(char const*, int, char const*)+0x59
V  [libjvm.so+0x555897]  compute_offset(int&, klassOopDesc*, Symbol*, Symbol*, bool)+0x137
V  [libjvm.so+0x556a59]  java_lang_String::compute_offsets()+0x39
V  [libjvm.so+0x8341d3]  SystemDictionary::initialize_preloaded_classes(Thread*)+0x143
V  [libjvm.so+0x880314]  Universe::genesis(Thread*)+0x474
V  [libjvm.so+0x8807c4]  universe2_init()+0x24
V  [libjvm.so+0x503cad]  init_globals()+0xbd
V  [libjvm.so+0x866d62]  Threads::create_vm(JavaVMInitArgs*, bool*)+0x1e2
V  [libjvm.so+0x563b64]  JNI_CreateJavaVM+0x74
C  [libjli.so+0x337e]  JavaMain+0x9e


---------------  P R O C E S S  ---------------

Java Threads: ( => current thread )

Other Threads:

=>0x00007fea98009000 (exited) JavaThread "Unknown thread" [_thread_in_vm, id=6641, stack(0x00007feaa1906000,0x00007feaa1a07000)]

VM state:not at safepoint (not fully initialized)

VM Mutex/Monitor currently owned by a thread: None

GC Heap History (0 events):
No events

Deoptimization events (0 events):
No events

Internal exceptions (0 events):
No events

Events (10 events):
Event: 0.007 loading class 0x00007fea9802a9b0 done
Event: 0.007 loading class 0x00007fea9802a250 done
Event: 0.007 loading class 0x00007fea9802a220
Event: 0.007 loading class 0x00007fea98055270
Event: 0.007 loading class 0x00007fea98055270 done
Event: 0.007 loading class 0x00007fea980552b0
Event: 0.007 loading class 0x00007fea980552b0 done
Event: 0.007 loading class 0x00007fea980552f0
Event: 0.007 loading class 0x00007fea980552f0 done
Event: 0.007 loading class 0x00007fea9802a220 done


Dynamic libraries:
00400000-00401000 r-xp 00000000 08:07 1061171                            /usr/lib/jvm/java-7-oracle/bin/java
00600000-00601000 rw-p 00000000 08:07 1061171                            /usr/lib/jvm/java-7-oracle/bin/java
00dd2000-00df3000 rw-p 00000000 00:00 0                                  [heap]
77fe00000-7812c0000 rw-p 00000000 00:00 0 
7812c0000-785000000 rw-p 00000000 00:00 0 
785000000-78a200000 rw-p 00000000 00:00 0 
78a200000-7d7000000 rw-p 00000000 00:00 0 
7d7000000-7d98f0000 rw-p 00000000 00:00 0 
7d98f0000-800000000 rw-p 00000000 00:00 0 
7fea73ff0000-7fea78000000 rw-p 00000000 00:00 0 
7fea78000000-7fea78021000 rw-p 00000000 00:00 0 
7fea78021000-7fea7c000000 ---p 00000000 00:00 0 
7fea80000000-7fea80021000 rw-p 00000000 00:00 0 
7fea80021000-7fea84000000 ---p 00000000 00:00 0 
7fea88000000-7fea88021000 rw-p 00000000 00:00 0 
7fea88021000-7fea8c000000 ---p 00000000 00:00 0 
7fea90000000-7fea90021000 rw-p 00000000 00:00 0 
7fea90021000-7fea94000000 ---p 00000000 00:00 0 
7fea95000000-7fea95270000 rwxp 00000000 00:00 0 
7fea95270000-7fea9805f000 rw-p 00000000 00:00 0 
7fea9805f000-7fea9c000000 ---p 00000000 00:00 0 
7fea9cf84000-7fea9d1b2000 rw-p 00000000 00:00 0 
7fea9d1b2000-7fea9d274000 r--s 010b9000 08:07 804191                     /opt/android-sdk-linux/platforms/android-16/android.jar
7fea9d274000-7fea9e2a0000 rw-p 00000000 00:00 0 
7fea9e2a0000-7fea9e2a1000 ---p 00000000 00:00 0 
7fea9e2a1000-7fea9e3a1000 rw-p 00000000 00:00 0 
7fea9e3a1000-7fea9e3a2000 ---p 00000000 00:00 0 
7fea9e3a2000-7fea9e4a2000 rw-p 00000000 00:00 0 
7fea9e4a2000-7fea9e4a3000 ---p 00000000 00:00 0 
7fea9e4a3000-7fea9e5a3000 rw-p 00000000 00:00 0 
7fea9e5a3000-7fea9e5a4000 ---p 00000000 00:00 0 
7fea9e5a4000-7fea9e6af000 rw-p 00000000 00:00 0 
7fea9e6af000-7fea9e6cd000 rw-p 00000000 00:00 0 
7fea9e6cd000-7fea9e6f6000 rw-p 00000000 00:00 0 
7fea9e6f6000-7fea9e95d000 rw-p 00000000 00:00 0 
7fea9e95d000-7fea9e968000 rw-p 00000000 00:00 0 
7fea9e968000-7fea9e986000 rw-p 00000000 00:00 0 
7fea9e986000-7fea9e9af000 rw-p 00000000 00:00 0 
7fea9e9af000-7fea9ec16000 rw-p 00000000 00:00 0 
7fea9ec16000-7fea9ec2b000 rw-p 00000000 00:00 0 
7fea9ec2b000-7fea9ed5e000 rw-p 00000000 00:00 0 
7fea9ed5e000-7fea9ed5f000 rw-p 00000000 00:00 0 
7fea9ed5f000-7fea9ed79000 r-xp 00000000 08:07 935851                     /usr/lib/jvm/java-7-oracle/jre/lib/amd64/libzip.so
7fea9ed79000-7fea9ef79000 ---p 0001a000 08:07 935851                     /usr/lib/jvm/java-7-oracle/jre/lib/amd64/libzip.so
7fea9ef79000-7fea9ef7a000 rw-p 0001a000 08:07 935851                     /usr/lib/jvm/java-7-oracle/jre/lib/amd64/libzip.so
7fea9ef7a000-7fea9ef86000 r-xp 00000000 08:07 1181555                    /lib/x86_64-linux-gnu/libnss_files-2.15.so
7fea9ef86000-7fea9f185000 ---p 0000c000 08:07 1181555                    /lib/x86_64-linux-gnu/libnss_files-2.15.so
7fea9f185000-7fea9f186000 r--p 0000b000 08:07 1181555                    /lib/x86_64-linux-gnu/libnss_files-2.15.so
7fea9f186000-7fea9f187000 rw-p 0000c000 08:07 1181555                    /lib/x86_64-linux-gnu/libnss_files-2.15.so
7fea9f187000-7fea9f191000 r-xp 00000000 08:07 1181542                    /lib/x86_64-linux-gnu/libnss_nis-2.15.so
7fea9f191000-7fea9f391000 ---p 0000a000 08:07 1181542                    /lib/x86_64-linux-gnu/libnss_nis-2.15.so
7fea9f391000-7fea9f392000 r--p 0000a000 08:07 1181542                    /lib/x86_64-linux-gnu/libnss_nis-2.15.so
7fea9f392000-7fea9f393000 rw-p 0000b000 08:07 1181542                    /lib/x86_64-linux-gnu/libnss_nis-2.15.so
7fea9f393000-7fea9f3aa000 r-xp 00000000 08:07 1181564                    /lib/x86_64-linux-gnu/libnsl-2.15.so
7fea9f3aa000-7fea9f5a9000 ---p 00017000 08:07 1181564                    /lib/x86_64-linux-gnu/libnsl-2.15.so
7fea9f5a9000-7fea9f5aa000 r--p 00016000 08:07 1181564                    /lib/x86_64-linux-gnu/libnsl-2.15.so
7fea9f5aa000-7fea9f5ab000 rw-p 00017000 08:07 1181564                    /lib/x86_64-linux-gnu/libnsl-2.15.so
7fea9f5ab000-7fea9f5ad000 rw-p 00000000 00:00 0 
7fea9f5ad000-7fea9f5b5000 r-xp 00000000 08:07 1181556                    /lib/x86_64-linux-gnu/libnss_compat-2.15.so
7fea9f5b5000-7fea9f7b4000 ---p 00008000 08:07 1181556                    /lib/x86_64-linux-gnu/libnss_compat-2.15.so
7fea9f7b4000-7fea9f7b5000 r--p 00007000 08:07 1181556                    /lib/x86_64-linux-gnu/libnss_compat-2.15.so
7fea9f7b5000-7fea9f7b6000 rw-p 00008000 08:07 1181556                    /lib/x86_64-linux-gnu/libnss_compat-2.15.so
7fea9f7b6000-7fea9f7df000 r-xp 00000000 08:07 935866                     /usr/lib/jvm/java-7-oracle/jre/lib/amd64/libjava.so
7fea9f7df000-7fea9f9df000 ---p 00029000 08:07 935866                     /usr/lib/jvm/java-7-oracle/jre/lib/amd64/libjava.so
7fea9f9df000-7fea9f9e1000 rw-p 00029000 08:07 935866                     /usr/lib/jvm/java-7-oracle/jre/lib/amd64/libjava.so
7fea9f9e1000-7fea9f9ee000 r-xp 00000000 08:07 935863                     /usr/lib/jvm/java-7-oracle/jre/lib/amd64/libverify.so
7fea9f9ee000-7fea9fbed000 ---p 0000d000 08:07 935863                     /usr/lib/jvm/java-7-oracle/jre/lib/amd64/libverify.so
7fea9fbed000-7fea9fbef000 rw-p 0000c000 08:07 935863                     /usr/lib/jvm/java-7-oracle/jre/lib/amd64/libverify.so
7fea9fbef000-7fea9fbf6000 r-xp 00000000 08:07 1181533                    /lib/x86_64-linux-gnu/librt-2.15.so
7fea9fbf6000-7fea9fdf5000 ---p 00007000 08:07 1181533                    /lib/x86_64-linux-gnu/librt-2.15.so
7fea9fdf5000-7fea9fdf6000 r--p 00006000 08:07 1181533                    /lib/x86_64-linux-gnu/librt-2.15.so
7fea9fdf6000-7fea9fdf7000 rw-p 00007000 08:07 1181533                    /lib/x86_64-linux-gnu/librt-2.15.so
7fea9fdf7000-7fea9fef0000 r-xp 00000000 08:07 1181553                    /lib/x86_64-linux-gnu/libm-2.15.so
7fea9fef0000-7feaa00ef000 ---p 000f9000 08:07 1181553                    /lib/x86_64-linux-gnu/libm-2.15.so
7feaa00ef000-7feaa00f0000 r--p 000f8000 08:07 1181553                    /lib/x86_64-linux-gnu/libm-2.15.so
7feaa00f0000-7feaa00f1000 rw-p 000f9000 08:07 1181553                    /lib/x86_64-linux-gnu/libm-2.15.so
7feaa00f1000-7feaa0b38000 r-xp 00000000 08:07 1060556                    /usr/lib/jvm/java-7-oracle/jre/lib/amd64/server/libjvm.so
7feaa0b38000-7feaa0d37000 ---p 00a47000 08:07 1060556                    /usr/lib/jvm/java-7-oracle/jre/lib/amd64/server/libjvm.so
7feaa0d37000-7feaa0dda000 rw-p 00a46000 08:07 1060556                    /usr/lib/jvm/java-7-oracle/jre/lib/amd64/server/libjvm.so
7feaa0dda000-7feaa0e16000 rw-p 00000000 00:00 0 
7feaa0e16000-7feaa0fcb000 r-xp 00000000 08:07 1181529                    /lib/x86_64-linux-gnu/libc-2.15.so
7feaa0fcb000-7feaa11ca000 ---p 001b5000 08:07 1181529                    /lib/x86_64-linux-gnu/libc-2.15.so
7feaa11ca000-7feaa11ce000 r--p 001b4000 08:07 1181529                    /lib/x86_64-linux-gnu/libc-2.15.so
7feaa11ce000-7feaa11d0000 rw-p 001b8000 08:07 1181529                    /lib/x86_64-linux-gnu/libc-2.15.so
7feaa11d0000-7feaa11d5000 rw-p 00000000 00:00 0 
7feaa11d5000-7feaa11d7000 r-xp 00000000 08:07 1181528                    /lib/x86_64-linux-gnu/libdl-2.15.so
7feaa11d7000-7feaa13d7000 ---p 00002000 08:07 1181528                    /lib/x86_64-linux-gnu/libdl-2.15.so
7feaa13d7000-7feaa13d8000 r--p 00002000 08:07 1181528                    /lib/x86_64-linux-gnu/libdl-2.15.so
7feaa13d8000-7feaa13d9000 rw-p 00003000 08:07 1181528                    /lib/x86_64-linux-gnu/libdl-2.15.so
7feaa13d9000-7feaa13ef000 r-xp 00000000 08:07 1060550                    /usr/lib/jvm/java-7-oracle/jre/lib/amd64/jli/libjli.so
7feaa13ef000-7feaa15ee000 ---p 00016000 08:07 1060550                    /usr/lib/jvm/java-7-oracle/jre/lib/amd64/jli/libjli.so
7feaa15ee000-7feaa15ef000 rw-p 00015000 08:07 1060550                    /usr/lib/jvm/java-7-oracle/jre/lib/amd64/jli/libjli.so
7feaa15ef000-7feaa1607000 r-xp 00000000 08:07 1181531                    /lib/x86_64-linux-gnu/libpthread-2.15.so
7feaa1607000-7feaa1806000 ---p 00018000 08:07 1181531                    /lib/x86_64-linux-gnu/libpthread-2.15.so
7feaa1806000-7feaa1807000 r--p 00017000 08:07 1181531                    /lib/x86_64-linux-gnu/libpthread-2.15.so
7feaa1807000-7feaa1808000 rw-p 00018000 08:07 1181531                    /lib/x86_64-linux-gnu/libpthread-2.15.so
7feaa1808000-7feaa180c000 rw-p 00000000 00:00 0 
7feaa180c000-7feaa182e000 r-xp 00000000 08:07 1181559                    /lib/x86_64-linux-gnu/ld-2.15.so
7feaa1846000-7feaa1850000 rw-p 00000000 00:00 0 
7feaa1850000-7feaa1906000 rw-p 00000000 00:00 0 
7feaa1906000-7feaa1909000 ---p 00000000 00:00 0 
7feaa1909000-7feaa1a0b000 rw-p 00000000 00:00 0 
7feaa1a22000-7feaa1a2a000 rw-s 00000000 08:07 1212804                    /tmp/hsperfdata_administrador/6636
7feaa1a2a000-7feaa1a2b000 rw-p 00000000 00:00 0 
7feaa1a2b000-7feaa1a2c000 r--p 00000000 00:00 0 
7feaa1a2c000-7feaa1a2e000 rw-p 00000000 00:00 0 
7feaa1a2e000-7feaa1a2f000 r--p 00022000 08:07 1181559                    /lib/x86_64-linux-gnu/ld-2.15.so
7feaa1a2f000-7feaa1a31000 rw-p 00023000 08:07 1181559                    /lib/x86_64-linux-gnu/ld-2.15.so
7fffe2cde000-7fffe2cff000 rw-p 00000000 00:00 0                          [stack]
7fffe2dff000-7fffe2e00000 r-xp 00000000 00:00 0                          [vdso]
ffffffffff600000-ffffffffff601000 r-xp 00000000 00:00 0                  [vsyscall]

VM Arguments:
jvm_args: -Dfile.encoding=UTF-8 -Xbootclasspath:/opt/android-sdk-linux/platforms/android-16/android.jar 
java_command: com.semon.recursos.Conexao
Launcher Type: SUN_STANDARD

Environment Variables:
PATH=/usr/local/sbin:/usr/local/bin:/usr/sbin:/usr/bin:/sbin:/bin:/usr/games:/opt/eclipse:/opt/android-sdk-linux/tools:/opt/android-sdk-linux/platform-tools
USERNAME=administrador
SHELL=/bin/bash
DISPLAY=:0

Signal Handlers:
SIGSEGV: [libjvm.so+0x8a5a80], sa_mask[0]=0x7ffbfeff, sa_flags=0x10000004
SIGBUS: [libjvm.so+0x8a5a80], sa_mask[0]=0x7ffbfeff, sa_flags=0x10000004
SIGFPE: [libjvm.so+0x741b60], sa_mask[0]=0x7ffbfeff, sa_flags=0x10000004
SIGPIPE: [libjvm.so+0x741b60], sa_mask[0]=0x7ffbfeff, sa_flags=0x10000004
SIGXFSZ: [libjvm.so+0x741b60], sa_mask[0]=0x7ffbfeff, sa_flags=0x10000004
SIGILL: [libjvm.so+0x741b60], sa_mask[0]=0x7ffbfeff, sa_flags=0x10000004
SIGUSR1: SIG_DFL, sa_mask[0]=0x00000000, sa_flags=0x00000000
SIGUSR2: [libjvm.so+0x7414b0], sa_mask[0]=0x00000004, sa_flags=0x10000004
SIGHUP: SIG_DFL, sa_mask[0]=0x00000000, sa_flags=0x00000000
SIGINT: SIG_DFL, sa_mask[0]=0x00000000, sa_flags=0x00000000
SIGTERM: SIG_DFL, sa_mask[0]=0x00000000, sa_flags=0x00000000
SIGQUIT: SIG_DFL, sa_mask[0]=0x00000000, sa_flags=0x00000000


---------------  S Y S T E M  ---------------

OS:wheezy/sid

uname:Linux 3.2.0-31-generic #50-Ubuntu SMP Fri Sep 7 16:16:45 UTC 2012 x86_64
libc:glibc 2.15 NPTL 2.15 
rlimit: STACK 8192k, CORE 0k, NPROC 62797, NOFILE 4096, AS infinity
load average:0.22 0.27 0.30

/proc/meminfo:
MemTotal:        8055712 kB
MemFree:         3515192 kB
Buffers:          201444 kB
Cached:          2278024 kB
SwapCached:            0 kB
Active:          2557976 kB
Inactive:        1693844 kB
Active(anon):    1854464 kB
Inactive(anon):   213060 kB
Active(file):     703512 kB
Inactive(file):  1480784 kB
Unevictable:           0 kB
Mlocked:               0 kB
SwapTotal:             0 kB
SwapFree:              0 kB
Dirty:               248 kB
Writeback:             0 kB
AnonPages:       1772368 kB
Mapped:           164220 kB
Shmem:            295176 kB
Slab:             156696 kB
SReclaimable:     130988 kB
SUnreclaim:        25708 kB
KernelStack:        3056 kB
PageTables:        23508 kB
NFS_Unstable:          0 kB
Bounce:                0 kB
WritebackTmp:          0 kB
CommitLimit:     4027856 kB
Committed_AS:    3999864 kB
VmallocTotal:   34359738367 kB
VmallocUsed:      369876 kB
VmallocChunk:   34359320908 kB
HardwareCorrupted:     0 kB
AnonHugePages:         0 kB
HugePages_Total:       0
HugePages_Free:        0
HugePages_Rsvd:        0
HugePages_Surp:        0
Hugepagesize:       2048 kB
DirectMap4k:       57344 kB
DirectMap2M:     8216576 kB


CPU:total 4 (4 cores per cpu, 1 threads per core) family 6 model 42 stepping 7, cmov, cx8, fxsr, mmx, sse, sse2, sse3, ssse3, sse4.1, sse4.2, popcnt, avx, tsc, tscinvbit

/proc/cpuinfo:
processor	: 0
vendor_id	: GenuineIntel
cpu family	: 6
model		: 42
model name	: Intel(R) Core(TM) i5-2400 CPU @ 3.10GHz
stepping	: 7
microcode	: 0x18
cpu MHz		: 1600.000
cache size	: 6144 KB
physical id	: 0
siblings	: 4
core id		: 0
cpu cores	: 4
apicid		: 0
initial apicid	: 0
fpu		: yes
fpu_exception	: yes
cpuid level	: 13
wp		: yes
flags		: fpu vme de pse tsc msr pae mce cx8 apic sep mtrr pge mca cmov pat pse36 clflush dts acpi mmx fxsr sse sse2 ss ht tm pbe syscall nx rdtscp lm constant_tsc arch_perfmon pebs bts rep_good nopl xtopology nonstop_tsc aperfmperf pni pclmulqdq dtes64 monitor ds_cpl vmx smx est tm2 ssse3 cx16 xtpr pdcm pcid sse4_1 sse4_2 x2apic popcnt tsc_deadline_timer aes xsave avx lahf_lm ida arat epb xsaveopt pln pts dtherm tpr_shadow vnmi flexpriority ept vpid
bogomips	: 6186.08
clflush size	: 64
cache_alignment	: 64
address sizes	: 36 bits physical, 48 bits virtual
power management:

processor	: 1
vendor_id	: GenuineIntel
cpu family	: 6
model		: 42
model name	: Intel(R) Core(TM) i5-2400 CPU @ 3.10GHz
stepping	: 7
microcode	: 0x18
cpu MHz		: 1600.000
cache size	: 6144 KB
physical id	: 0
siblings	: 4
core id		: 1
cpu cores	: 4
apicid		: 2
initial apicid	: 2
fpu		: yes
fpu_exception	: yes
cpuid level	: 13
wp		: yes
flags		: fpu vme de pse tsc msr pae mce cx8 apic sep mtrr pge mca cmov pat pse36 clflush dts acpi mmx fxsr sse sse2 ss ht tm pbe syscall nx rdtscp lm constant_tsc arch_perfmon pebs bts rep_good nopl xtopology nonstop_tsc aperfmperf pni pclmulqdq dtes64 monitor ds_cpl vmx smx est tm2 ssse3 cx16 xtpr pdcm pcid sse4_1 sse4_2 x2apic popcnt tsc_deadline_timer aes xsave avx lahf_lm ida arat epb xsaveopt pln pts dtherm tpr_shadow vnmi flexpriority ept vpid
bogomips	: 6185.65
clflush size	: 64
cache_alignment	: 64
address sizes	: 36 bits physical, 48 bits virtual
power management:

processor	: 2
vendor_id	: GenuineIntel
cpu family	: 6
model		: 42
model name	: Intel(R) Core(TM) i5-2400 CPU @ 3.10GHz
stepping	: 7
microcode	: 0x18
cpu MHz		: 1600.000
cache size	: 6144 KB
physical id	: 0
siblings	: 4
core id		: 2
cpu cores	: 4
apicid		: 4
initial apicid	: 4
fpu		: yes
fpu_exception	: yes
cpuid level	: 13
wp		: yes
flags		: fpu vme de pse tsc msr pae mce cx8 apic sep mtrr pge mca cmov pat pse36 clflush dts acpi mmx fxsr sse sse2 ss ht tm pbe syscall nx rdtscp lm constant_tsc arch_perfmon pebs bts rep_good nopl xtopology nonstop_tsc aperfmperf pni pclmulqdq dtes64 monitor ds_cpl vmx smx est tm2 ssse3 cx16 xtpr pdcm pcid sse4_1 sse4_2 x2apic popcnt tsc_deadline_timer aes xsave avx lahf_lm ida arat epb xsaveopt pln pts dtherm tpr_shadow vnmi flexpriority ept vpid
bogomips	: 6185.66
clflush size	: 64
cache_alignment	: 64
address sizes	: 36 bits physical, 48 bits virtual
power management:

processor	: 3
vendor_id	: GenuineIntel
cpu family	: 6
model		: 42
model name	: Intel(R) Core(TM) i5-2400 CPU @ 3.10GHz
stepping	: 7
microcode	: 0x18
cpu MHz		: 1600.000
cache size	: 6144 KB
physical id	: 0
siblings	: 4
core id		: 3
cpu cores	: 4
apicid		: 6
initial apicid	: 6
fpu		: yes
fpu_exception	: yes
cpuid level	: 13
wp		: yes
flags		: fpu vme de pse tsc msr pae mce cx8 apic sep mtrr pge mca cmov pat pse36 clflush dts acpi mmx fxsr sse sse2 ss ht tm pbe syscall nx rdtscp lm constant_tsc arch_perfmon pebs bts rep_good nopl xtopology nonstop_tsc aperfmperf pni pclmulqdq dtes64 monitor ds_cpl vmx smx est tm2 ssse3 cx16 xtpr pdcm pcid sse4_1 sse4_2 x2apic popcnt tsc_deadline_timer aes xsave avx lahf_lm ida arat epb xsaveopt pln pts dtherm tpr_shadow vnmi flexpriority ept vpid
bogomips	: 6185.66
clflush size	: 64
cache_alignment	: 64
address sizes	: 36 bits physical, 48 bits virtual
power management:



Memory: 4k page, physical 8055712k(3515192k free), swap 0k(0k free)

vm_info: Java HotSpot(TM) 64-Bit Server VM (23.3-b01) for linux-amd64 JRE (1.7.0_07-b10), built on Aug 28 2012 17:44:05 by "java_re" with gcc 4.3.0 20080428 (Red Hat 4.3.0-8)

time: Thu Jan  3 17:21:41 2013
elapsed time: 0 seconds

