#
# A fatal error has been detected by the Java Runtime Environment:
#
#  Internal Error (javaClasses.cpp:129), pid=6602, tid=140309889865472
#  fatal error: Invalid layout of preloaded class
#
# JRE version: 7.0_07-b10
# Java VM: Java HotSpot(TM) 64-Bit Server VM (23.3-b01 mixed mode linux-amd64 compressed oops)
# Failed to write core dump. Core dumps have been disabled. To enable core dumping, try "ulimit -c unlimited" before starting Java again
#
# If you would like to submit a bug report, please visit:
#   http://bugreport.sun.com/bugreport/crash.jsp
#

---------------  T H R E A D  ---------------

Current thread (0x00007f9c68009000):  JavaThread "Unknown thread" [_thread_in_vm, id=6603, stack(0x00007f9c7114d000,0x00007f9c7124e000)]

Stack: [0x00007f9c7114d000,0x00007f9c7124e000],  sp=0x00007f9c7124c7d0,  free space=1021k
Native frames: (J=compiled Java code, j=interpreted, Vv=VM code, C=native code)
V  [libjvm.so+0x8a511a]  VMError::report_and_die()+0x2ea
V  [libjvm.so+0x40ae59]  report_fatal(char const*, int, char const*)+0x59
V  [libjvm.so+0x555897]  compute_offset(int&, klassOopDesc*, Symbol*, Symbol*, bool)+0x137
V  [libjvm.so+0x556a59]  java_lang_String::compute_offsets()+0x39
V  [libjvm.so+0x8341d3]  SystemDictionary::initialize_preloaded_classes(Thread*)+0x143
V  [libjvm.so+0x880314]  Universe::genesis(Thread*)+0x474
V  [libjvm.so+0x8807c4]  universe2_init()+0x24
V  [libjvm.so+0x503cad]  init_globals()+0xbd
V  [libjvm.so+0x866d62]  Threads::create_vm(JavaVMInitArgs*, bool*)+0x1e2
V  [libjvm.so+0x563b64]  JNI_CreateJavaVM+0x74
C  [libjli.so+0x337e]  JavaMain+0x9e


---------------  P R O C E S S  ---------------

Java Threads: ( => current thread )

Other Threads:

=>0x00007f9c68009000 (exited) JavaThread "Unknown thread" [_thread_in_vm, id=6603, stack(0x00007f9c7114d000,0x00007f9c7124e000)]

VM state:not at safepoint (not fully initialized)

VM Mutex/Monitor currently owned by a thread: None

GC Heap History (0 events):
No events

Deoptimization events (0 events):
No events

Internal exceptions (0 events):
No events

Events (10 events):
Event: 0.006 loading class 0x00007f9c6802a9b0 done
Event: 0.006 loading class 0x00007f9c6802a250 done
Event: 0.006 loading class 0x00007f9c6802a220
Event: 0.006 loading class 0x00007f9c68055270
Event: 0.007 loading class 0x00007f9c68055270 done
Event: 0.007 loading class 0x00007f9c680552b0
Event: 0.007 loading class 0x00007f9c680552b0 done
Event: 0.007 loading class 0x00007f9c680552f0
Event: 0.007 loading class 0x00007f9c680552f0 done
Event: 0.007 loading class 0x00007f9c6802a220 done


Dynamic libraries:
00400000-00401000 r-xp 00000000 08:07 1061171                            /usr/lib/jvm/java-7-oracle/bin/java
00600000-00601000 rw-p 00000000 08:07 1061171                            /usr/lib/jvm/java-7-oracle/bin/java
00ea7000-00ec8000 rw-p 00000000 00:00 0                                  [heap]
77fe00000-7812c0000 rw-p 00000000 00:00 0 
7812c0000-785000000 rw-p 00000000 00:00 0 
785000000-78a200000 rw-p 00000000 00:00 0 
78a200000-7d7000000 rw-p 00000000 00:00 0 
7d7000000-7d98f0000 rw-p 00000000 00:00 0 
7d98f0000-800000000 rw-p 00000000 00:00 0 
7f9c4c000000-7f9c4c021000 rw-p 00000000 00:00 0 
7f9c4c021000-7f9c50000000 ---p 00000000 00:00 0 
7f9c50000000-7f9c50021000 rw-p 00000000 00:00 0 
7f9c50021000-7f9c54000000 ---p 00000000 00:00 0 
7f9c54000000-7f9c54021000 rw-p 00000000 00:00 0 
7f9c54021000-7f9c58000000 ---p 00000000 00:00 0 
7f9c5c000000-7f9c5c021000 rw-p 00000000 00:00 0 
7f9c5c021000-7f9c60000000 ---p 00000000 00:00 0 
7f9c60ff0000-7f9c65000000 rw-p 00000000 00:00 0 
7f9c65000000-7f9c65270000 rwxp 00000000 00:00 0 
7f9c65270000-7f9c6805f000 rw-p 00000000 00:00 0 
7f9c6805f000-7f9c6c000000 ---p 00000000 00:00 0 
7f9c6c7cb000-7f9c6c9f9000 rw-p 00000000 00:00 0 
7f9c6c9f9000-7f9c6cabb000 r--s 010b9000 08:07 804191                     /opt/android-sdk-linux/platforms/android-16/android.jar
7f9c6cabb000-7f9c6dae7000 rw-p 00000000 00:00 0 
7f9c6dae7000-7f9c6dae8000 ---p 00000000 00:00 0 
7f9c6dae8000-7f9c6dbe8000 rw-p 00000000 00:00 0 
7f9c6dbe8000-7f9c6dbe9000 ---p 00000000 00:00 0 
7f9c6dbe9000-7f9c6dce9000 rw-p 00000000 00:00 0 
7f9c6dce9000-7f9c6dcea000 ---p 00000000 00:00 0 
7f9c6dcea000-7f9c6ddea000 rw-p 00000000 00:00 0 
7f9c6ddea000-7f9c6ddeb000 ---p 00000000 00:00 0 
7f9c6ddeb000-7f9c6def6000 rw-p 00000000 00:00 0 
7f9c6def6000-7f9c6df14000 rw-p 00000000 00:00 0 
7f9c6df14000-7f9c6df3d000 rw-p 00000000 00:00 0 
7f9c6df3d000-7f9c6e1a4000 rw-p 00000000 00:00 0 
7f9c6e1a4000-7f9c6e1af000 rw-p 00000000 00:00 0 
7f9c6e1af000-7f9c6e1cd000 rw-p 00000000 00:00 0 
7f9c6e1cd000-7f9c6e1f6000 rw-p 00000000 00:00 0 
7f9c6e1f6000-7f9c6e45d000 rw-p 00000000 00:00 0 
7f9c6e45d000-7f9c6e472000 rw-p 00000000 00:00 0 
7f9c6e472000-7f9c6e5a5000 rw-p 00000000 00:00 0 
7f9c6e5a5000-7f9c6e5a6000 rw-p 00000000 00:00 0 
7f9c6e5a6000-7f9c6e5c0000 r-xp 00000000 08:07 935851                     /usr/lib/jvm/java-7-oracle/jre/lib/amd64/libzip.so
7f9c6e5c0000-7f9c6e7c0000 ---p 0001a000 08:07 935851                     /usr/lib/jvm/java-7-oracle/jre/lib/amd64/libzip.so
7f9c6e7c0000-7f9c6e7c1000 rw-p 0001a000 08:07 935851                     /usr/lib/jvm/java-7-oracle/jre/lib/amd64/libzip.so
7f9c6e7c1000-7f9c6e7cd000 r-xp 00000000 08:07 1181555                    /lib/x86_64-linux-gnu/libnss_files-2.15.so
7f9c6e7cd000-7f9c6e9cc000 ---p 0000c000 08:07 1181555                    /lib/x86_64-linux-gnu/libnss_files-2.15.so
7f9c6e9cc000-7f9c6e9cd000 r--p 0000b000 08:07 1181555                    /lib/x86_64-linux-gnu/libnss_files-2.15.so
7f9c6e9cd000-7f9c6e9ce000 rw-p 0000c000 08:07 1181555                    /lib/x86_64-linux-gnu/libnss_files-2.15.so
7f9c6e9ce000-7f9c6e9d8000 r-xp 00000000 08:07 1181542                    /lib/x86_64-linux-gnu/libnss_nis-2.15.so
7f9c6e9d8000-7f9c6ebd8000 ---p 0000a000 08:07 1181542                    /lib/x86_64-linux-gnu/libnss_nis-2.15.so
7f9c6ebd8000-7f9c6ebd9000 r--p 0000a000 08:07 1181542                    /lib/x86_64-linux-gnu/libnss_nis-2.15.so
7f9c6ebd9000-7f9c6ebda000 rw-p 0000b000 08:07 1181542                    /lib/x86_64-linux-gnu/libnss_nis-2.15.so
7f9c6ebda000-7f9c6ebf1000 r-xp 00000000 08:07 1181564                    /lib/x86_64-linux-gnu/libnsl-2.15.so
7f9c6ebf1000-7f9c6edf0000 ---p 00017000 08:07 1181564                    /lib/x86_64-linux-gnu/libnsl-2.15.so
7f9c6edf0000-7f9c6edf1000 r--p 00016000 08:07 1181564                    /lib/x86_64-linux-gnu/libnsl-2.15.so
7f9c6edf1000-7f9c6edf2000 rw-p 00017000 08:07 1181564                    /lib/x86_64-linux-gnu/libnsl-2.15.so
7f9c6edf2000-7f9c6edf4000 rw-p 00000000 00:00 0 
7f9c6edf4000-7f9c6edfc000 r-xp 00000000 08:07 1181556                    /lib/x86_64-linux-gnu/libnss_compat-2.15.so
7f9c6edfc000-7f9c6effb000 ---p 00008000 08:07 1181556                    /lib/x86_64-linux-gnu/libnss_compat-2.15.so
7f9c6effb000-7f9c6effc000 r--p 00007000 08:07 1181556                    /lib/x86_64-linux-gnu/libnss_compat-2.15.so
7f9c6effc000-7f9c6effd000 rw-p 00008000 08:07 1181556                    /lib/x86_64-linux-gnu/libnss_compat-2.15.so
7f9c6effd000-7f9c6f026000 r-xp 00000000 08:07 935866                     /usr/lib/jvm/java-7-oracle/jre/lib/amd64/libjava.so
7f9c6f026000-7f9c6f226000 ---p 00029000 08:07 935866                     /usr/lib/jvm/java-7-oracle/jre/lib/amd64/libjava.so
7f9c6f226000-7f9c6f228000 rw-p 00029000 08:07 935866                     /usr/lib/jvm/java-7-oracle/jre/lib/amd64/libjava.so
7f9c6f228000-7f9c6f235000 r-xp 00000000 08:07 935863                     /usr/lib/jvm/java-7-oracle/jre/lib/amd64/libverify.so
7f9c6f235000-7f9c6f434000 ---p 0000d000 08:07 935863                     /usr/lib/jvm/java-7-oracle/jre/lib/amd64/libverify.so
7f9c6f434000-7f9c6f436000 rw-p 0000c000 08:07 935863                     /usr/lib/jvm/java-7-oracle/jre/lib/amd64/libverify.so
7f9c6f436000-7f9c6f43d000 r-xp 00000000 08:07 1181533                    /lib/x86_64-linux-gnu/librt-2.15.so
7f9c6f43d000-7f9c6f63c000 ---p 00007000 08:07 1181533                    /lib/x86_64-linux-gnu/librt-2.15.so
7f9c6f63c000-7f9c6f63d000 r--p 00006000 08:07 1181533                    /lib/x86_64-linux-gnu/librt-2.15.so
7f9c6f63d000-7f9c6f63e000 rw-p 00007000 08:07 1181533                    /lib/x86_64-linux-gnu/librt-2.15.so
7f9c6f63e000-7f9c6f737000 r-xp 00000000 08:07 1181553                    /lib/x86_64-linux-gnu/libm-2.15.so
7f9c6f737000-7f9c6f936000 ---p 000f9000 08:07 1181553                    /lib/x86_64-linux-gnu/libm-2.15.so
7f9c6f936000-7f9c6f937000 r--p 000f8000 08:07 1181553                    /lib/x86_64-linux-gnu/libm-2.15.so
7f9c6f937000-7f9c6f938000 rw-p 000f9000 08:07 1181553                    /lib/x86_64-linux-gnu/libm-2.15.so
7f9c6f938000-7f9c7037f000 r-xp 00000000 08:07 1060556                    /usr/lib/jvm/java-7-oracle/jre/lib/amd64/server/libjvm.so
7f9c7037f000-7f9c7057e000 ---p 00a47000 08:07 1060556                    /usr/lib/jvm/java-7-oracle/jre/lib/amd64/server/libjvm.so
7f9c7057e000-7f9c70621000 rw-p 00a46000 08:07 1060556                    /usr/lib/jvm/java-7-oracle/jre/lib/amd64/server/libjvm.so
7f9c70621000-7f9c7065d000 rw-p 00000000 00:00 0 
7f9c7065d000-7f9c70812000 r-xp 00000000 08:07 1181529                    /lib/x86_64-linux-gnu/libc-2.15.so
7f9c70812000-7f9c70a11000 ---p 001b5000 08:07 1181529                    /lib/x86_64-linux-gnu/libc-2.15.so
7f9c70a11000-7f9c70a15000 r--p 001b4000 08:07 1181529                    /lib/x86_64-linux-gnu/libc-2.15.so
7f9c70a15000-7f9c70a17000 rw-p 001b8000 08:07 1181529                    /lib/x86_64-linux-gnu/libc-2.15.so
7f9c70a17000-7f9c70a1c000 rw-p 00000000 00:00 0 
7f9c70a1c000-7f9c70a1e000 r-xp 00000000 08:07 1181528                    /lib/x86_64-linux-gnu/libdl-2.15.so
7f9c70a1e000-7f9c70c1e000 ---p 00002000 08:07 1181528                    /lib/x86_64-linux-gnu/libdl-2.15.so
7f9c70c1e000-7f9c70c1f000 r--p 00002000 08:07 1181528                    /lib/x86_64-linux-gnu/libdl-2.15.so
7f9c70c1f000-7f9c70c20000 rw-p 00003000 08:07 1181528                    /lib/x86_64-linux-gnu/libdl-2.15.so
7f9c70c20000-7f9c70c36000 r-xp 00000000 08:07 1060550                    /usr/lib/jvm/java-7-oracle/jre/lib/amd64/jli/libjli.so
7f9c70c36000-7f9c70e35000 ---p 00016000 08:07 1060550                    /usr/lib/jvm/java-7-oracle/jre/lib/amd64/jli/libjli.so
7f9c70e35000-7f9c70e36000 rw-p 00015000 08:07 1060550                    /usr/lib/jvm/java-7-oracle/jre/lib/amd64/jli/libjli.so
7f9c70e36000-7f9c70e4e000 r-xp 00000000 08:07 1181531                    /lib/x86_64-linux-gnu/libpthread-2.15.so
7f9c70e4e000-7f9c7104d000 ---p 00018000 08:07 1181531                    /lib/x86_64-linux-gnu/libpthread-2.15.so
7f9c7104d000-7f9c7104e000 r--p 00017000 08:07 1181531                    /lib/x86_64-linux-gnu/libpthread-2.15.so
7f9c7104e000-7f9c7104f000 rw-p 00018000 08:07 1181531                    /lib/x86_64-linux-gnu/libpthread-2.15.so
7f9c7104f000-7f9c71053000 rw-p 00000000 00:00 0 
7f9c71053000-7f9c71075000 r-xp 00000000 08:07 1181559                    /lib/x86_64-linux-gnu/ld-2.15.so
7f9c7108d000-7f9c71097000 rw-p 00000000 00:00 0 
7f9c71097000-7f9c7114d000 rw-p 00000000 00:00 0 
7f9c7114d000-7f9c71150000 ---p 00000000 00:00 0 
7f9c71150000-7f9c71252000 rw-p 00000000 00:00 0 
7f9c71269000-7f9c71271000 rw-s 00000000 08:07 1212804                    /tmp/hsperfdata_administrador/6602
7f9c71271000-7f9c71272000 rw-p 00000000 00:00 0 
7f9c71272000-7f9c71273000 r--p 00000000 00:00 0 
7f9c71273000-7f9c71275000 rw-p 00000000 00:00 0 
7f9c71275000-7f9c71276000 r--p 00022000 08:07 1181559                    /lib/x86_64-linux-gnu/ld-2.15.so
7f9c71276000-7f9c71278000 rw-p 00023000 08:07 1181559                    /lib/x86_64-linux-gnu/ld-2.15.so
7fff3c177000-7fff3c198000 rw-p 00000000 00:00 0                          [stack]
7fff3c1ff000-7fff3c200000 r-xp 00000000 00:00 0                          [vdso]
ffffffffff600000-ffffffffff601000 r-xp 00000000 00:00 0                  [vsyscall]

VM Arguments:
jvm_args: -Dfile.encoding=UTF-8 -Xbootclasspath:/opt/android-sdk-linux/platforms/android-16/android.jar 
java_command: com.semon.recursos.Conexao
Launcher Type: SUN_STANDARD

Environment Variables:
PATH=/usr/local/sbin:/usr/local/bin:/usr/sbin:/usr/bin:/sbin:/bin:/usr/games:/opt/eclipse:/opt/android-sdk-linux/tools:/opt/android-sdk-linux/platform-tools
USERNAME=administrador
SHELL=/bin/bash
DISPLAY=:0

Signal Handlers:
SIGSEGV: [libjvm.so+0x8a5a80], sa_mask[0]=0x7ffbfeff, sa_flags=0x10000004
SIGBUS: [libjvm.so+0x8a5a80], sa_mask[0]=0x7ffbfeff, sa_flags=0x10000004
SIGFPE: [libjvm.so+0x741b60], sa_mask[0]=0x7ffbfeff, sa_flags=0x10000004
SIGPIPE: [libjvm.so+0x741b60], sa_mask[0]=0x7ffbfeff, sa_flags=0x10000004
SIGXFSZ: [libjvm.so+0x741b60], sa_mask[0]=0x7ffbfeff, sa_flags=0x10000004
SIGILL: [libjvm.so+0x741b60], sa_mask[0]=0x7ffbfeff, sa_flags=0x10000004
SIGUSR1: SIG_DFL, sa_mask[0]=0x00000000, sa_flags=0x00000000
SIGUSR2: [libjvm.so+0x7414b0], sa_mask[0]=0x00000004, sa_flags=0x10000004
SIGHUP: SIG_DFL, sa_mask[0]=0x00000000, sa_flags=0x00000000
SIGINT: SIG_DFL, sa_mask[0]=0x00000000, sa_flags=0x00000000
SIGTERM: SIG_DFL, sa_mask[0]=0x00000000, sa_flags=0x00000000
SIGQUIT: SIG_DFL, sa_mask[0]=0x00000000, sa_flags=0x00000000


---------------  S Y S T E M  ---------------

OS:wheezy/sid

uname:Linux 3.2.0-31-generic #50-Ubuntu SMP Fri Sep 7 16:16:45 UTC 2012 x86_64
libc:glibc 2.15 NPTL 2.15 
rlimit: STACK 8192k, CORE 0k, NPROC 62797, NOFILE 4096, AS infinity
load average:0.28 0.29 0.31

/proc/meminfo:
MemTotal:        8055712 kB
MemFree:         3518992 kB
Buffers:          201380 kB
Cached:          2282548 kB
SwapCached:            0 kB
Active:          2547232 kB
Inactive:        1700504 kB
Active(anon):    1846156 kB
Inactive(anon):   219480 kB
Active(file):     701076 kB
Inactive(file):  1481024 kB
Unevictable:           0 kB
Mlocked:               0 kB
SwapTotal:             0 kB
SwapFree:              0 kB
Dirty:               280 kB
Writeback:             0 kB
AnonPages:       1764404 kB
Mapped:           164112 kB
Shmem:            301672 kB
Slab:             156468 kB
SReclaimable:     130880 kB
SUnreclaim:        25588 kB
KernelStack:        3048 kB
PageTables:        23492 kB
NFS_Unstable:          0 kB
Bounce:                0 kB
WritebackTmp:          0 kB
CommitLimit:     4027856 kB
Committed_AS:    4005656 kB
VmallocTotal:   34359738367 kB
VmallocUsed:      369856 kB
VmallocChunk:   34359321156 kB
HardwareCorrupted:     0 kB
AnonHugePages:         0 kB
HugePages_Total:       0
HugePages_Free:        0
HugePages_Rsvd:        0
HugePages_Surp:        0
Hugepagesize:       2048 kB
DirectMap4k:       57344 kB
DirectMap2M:     8216576 kB


CPU:total 4 (4 cores per cpu, 1 threads per core) family 6 model 42 stepping 7, cmov, cx8, fxsr, mmx, sse, sse2, sse3, ssse3, sse4.1, sse4.2, popcnt, avx, tsc, tscinvbit

/proc/cpuinfo:
processor	: 0
vendor_id	: GenuineIntel
cpu family	: 6
model		: 42
model name	: Intel(R) Core(TM) i5-2400 CPU @ 3.10GHz
stepping	: 7
microcode	: 0x18
cpu MHz		: 3100.000
cache size	: 6144 KB
physical id	: 0
siblings	: 4
core id		: 0
cpu cores	: 4
apicid		: 0
initial apicid	: 0
fpu		: yes
fpu_exception	: yes
cpuid level	: 13
wp		: yes
flags		: fpu vme de pse tsc msr pae mce cx8 apic sep mtrr pge mca cmov pat pse36 clflush dts acpi mmx fxsr sse sse2 ss ht tm pbe syscall nx rdtscp lm constant_tsc arch_perfmon pebs bts rep_good nopl xtopology nonstop_tsc aperfmperf pni pclmulqdq dtes64 monitor ds_cpl vmx smx est tm2 ssse3 cx16 xtpr pdcm pcid sse4_1 sse4_2 x2apic popcnt tsc_deadline_timer aes xsave avx lahf_lm ida arat epb xsaveopt pln pts dtherm tpr_shadow vnmi flexpriority ept vpid
bogomips	: 6186.08
clflush size	: 64
cache_alignment	: 64
address sizes	: 36 bits physical, 48 bits virtual
power management:

processor	: 1
vendor_id	: GenuineIntel
cpu family	: 6
model		: 42
model name	: Intel(R) Core(TM) i5-2400 CPU @ 3.10GHz
stepping	: 7
microcode	: 0x18
cpu MHz		: 1600.000
cache size	: 6144 KB
physical id	: 0
siblings	: 4
core id		: 1
cpu cores	: 4
apicid		: 2
initial apicid	: 2
fpu		: yes
fpu_exception	: yes
cpuid level	: 13
wp		: yes
flags		: fpu vme de pse tsc msr pae mce cx8 apic sep mtrr pge mca cmov pat pse36 clflush dts acpi mmx fxsr sse sse2 ss ht tm pbe syscall nx rdtscp lm constant_tsc arch_perfmon pebs bts rep_good nopl xtopology nonstop_tsc aperfmperf pni pclmulqdq dtes64 monitor ds_cpl vmx smx est tm2 ssse3 cx16 xtpr pdcm pcid sse4_1 sse4_2 x2apic popcnt tsc_deadline_timer aes xsave avx lahf_lm ida arat epb xsaveopt pln pts dtherm tpr_shadow vnmi flexpriority ept vpid
bogomips	: 6185.65
clflush size	: 64
cache_alignment	: 64
address sizes	: 36 bits physical, 48 bits virtual
power management:

processor	: 2
vendor_id	: GenuineIntel
cpu family	: 6
model		: 42
model name	: Intel(R) Core(TM) i5-2400 CPU @ 3.10GHz
stepping	: 7
microcode	: 0x18
cpu MHz		: 1600.000
cache size	: 6144 KB
physical id	: 0
siblings	: 4
core id		: 2
cpu cores	: 4
apicid		: 4
initial apicid	: 4
fpu		: yes
fpu_exception	: yes
cpuid level	: 13
wp		: yes
flags		: fpu vme de pse tsc msr pae mce cx8 apic sep mtrr pge mca cmov pat pse36 clflush dts acpi mmx fxsr sse sse2 ss ht tm pbe syscall nx rdtscp lm constant_tsc arch_perfmon pebs bts rep_good nopl xtopology nonstop_tsc aperfmperf pni pclmulqdq dtes64 monitor ds_cpl vmx smx est tm2 ssse3 cx16 xtpr pdcm pcid sse4_1 sse4_2 x2apic popcnt tsc_deadline_timer aes xsave avx lahf_lm ida arat epb xsaveopt pln pts dtherm tpr_shadow vnmi flexpriority ept vpid
bogomips	: 6185.66
clflush size	: 64
cache_alignment	: 64
address sizes	: 36 bits physical, 48 bits virtual
power management:

processor	: 3
vendor_id	: GenuineIntel
cpu family	: 6
model		: 42
model name	: Intel(R) Core(TM) i5-2400 CPU @ 3.10GHz
stepping	: 7
microcode	: 0x18
cpu MHz		: 1600.000
cache size	: 6144 KB
physical id	: 0
siblings	: 4
core id		: 3
cpu cores	: 4
apicid		: 6
initial apicid	: 6
fpu		: yes
fpu_exception	: yes
cpuid level	: 13
wp		: yes
flags		: fpu vme de pse tsc msr pae mce cx8 apic sep mtrr pge mca cmov pat pse36 clflush dts acpi mmx fxsr sse sse2 ss ht tm pbe syscall nx rdtscp lm constant_tsc arch_perfmon pebs bts rep_good nopl xtopology nonstop_tsc aperfmperf pni pclmulqdq dtes64 monitor ds_cpl vmx smx est tm2 ssse3 cx16 xtpr pdcm pcid sse4_1 sse4_2 x2apic popcnt tsc_deadline_timer aes xsave avx lahf_lm ida arat epb xsaveopt pln pts dtherm tpr_shadow vnmi flexpriority ept vpid
bogomips	: 6185.66
clflush size	: 64
cache_alignment	: 64
address sizes	: 36 bits physical, 48 bits virtual
power management:



Memory: 4k page, physical 8055712k(3518992k free), swap 0k(0k free)

vm_info: Java HotSpot(TM) 64-Bit Server VM (23.3-b01) for linux-amd64 JRE (1.7.0_07-b10), built on Aug 28 2012 17:44:05 by "java_re" with gcc 4.3.0 20080428 (Red Hat 4.3.0-8)

time: Thu Jan  3 17:21:02 2013
elapsed time: 0 seconds

